# project partialsync (0.0) configured on Thu Jun 23 23:59:41 2016 by
# waf 1.8.2 (abi 98, python 2070af0 on darwin)
# using ./waf configure
#
----------------------------------------
Setting top to
/Users/zhangminsheng/Documents/psync
----------------------------------------
Setting out to
/Users/zhangminsheng/Documents/psync/build
----------------------------------------
Checking for 'clang++' (C++ compiler)
find program=['clang++'] paths=['/opt/local/bin', '/opt/local/sbin', '/opt/local/bin', '/opt/local/sbin', '/usr/local/bin', '/usr/bin', '/bin', '/usr/sbin', '/sbin', '/Library/TeX/texbin'] var='CXX' -> ['/usr/bin/clang++']
find program=['ar'] paths=['/opt/local/bin', '/opt/local/sbin', '/opt/local/bin', '/opt/local/sbin', '/usr/local/bin', '/usr/bin', '/bin', '/usr/sbin', '/sbin', '/Library/TeX/texbin'] var='AR' -> ['/opt/local/bin/ar']
/usr/bin/clang++
----------------------------------------
Checking for program 'doxygen'
not found
find program=['doxygen'] paths=['/opt/local/bin', '/opt/local/sbin', '/opt/local/bin', '/opt/local/sbin', '/usr/local/bin', '/usr/bin', '/bin', '/usr/sbin', '/sbin', '/Library/TeX/texbin'] var='DOXYGEN' -> None
from /Users/zhangminsheng/Documents/psync: Could not find the program ['doxygen']
----------------------------------------
Checking for program 'tar'
/usr/bin/tar
find program=['tar'] paths=['/opt/local/bin', '/opt/local/sbin', '/opt/local/bin', '/opt/local/sbin', '/usr/local/bin', '/usr/bin', '/bin', '/usr/sbin', '/sbin', '/Library/TeX/texbin'] var='TAR' -> ['/usr/bin/tar']
----------------------------------------
Checking for program 'sphinx-build'
not found
find program=['sphinx-build'] paths=['/opt/local/bin', '/opt/local/sbin', '/opt/local/bin', '/opt/local/sbin', '/usr/local/bin', '/usr/bin', '/bin', '/usr/sbin', '/sbin', '/Library/TeX/texbin'] var='SPHINX_BUILD' -> None
from /Users/zhangminsheng/Documents/psync: Could not find the program ['sphinx-build']
----------------------------------------
Checking supported CXXFLAGS
==>

int main(int argc, char **argv) {
	(void)argc; (void)argv;
	return 0;
}

<==
[1/2] Compiling [32mbuild/.conf_check_56520cf33617aa2e34838990ebcf8328/test.cpp[0m

['/usr/bin/clang++', '-Werror', '-std=c++0x', '../test.cpp', '-c', '-o', '/Users/zhangminsheng/Documents/psync/build/.conf_check_56520cf33617aa2e34838990ebcf8328/testbuild/test.cpp.1.o']
[2/2] Linking [33mbuild/.conf_check_56520cf33617aa2e34838990ebcf8328/testbuild/testprog[0m

['/usr/bin/clang++', 'test.cpp.1.o', '-o', '/Users/zhangminsheng/Documents/psync/build/.conf_check_56520cf33617aa2e34838990ebcf8328/testbuild/testprog']
==>

int main(int argc, char **argv) {
	(void)argc; (void)argv;
	return 0;
}

<==
[1/2] Compiling [32mbuild/.conf_check_5e5c67c0a4166cce3d8a6366f6a54431/test.cpp[0m

['/usr/bin/clang++', '-Werror', '-std=c++11', '../test.cpp', '-c', '-o', '/Users/zhangminsheng/Documents/psync/build/.conf_check_5e5c67c0a4166cce3d8a6366f6a54431/testbuild/test.cpp.1.o']
[2/2] Linking [33mbuild/.conf_check_5e5c67c0a4166cce3d8a6366f6a54431/testbuild/testprog[0m

['/usr/bin/clang++', 'test.cpp.1.o', '-o', '/Users/zhangminsheng/Documents/psync/build/.conf_check_5e5c67c0a4166cce3d8a6366f6a54431/testbuild/testprog']
==>

int main(int argc, char **argv) {
	(void)argc; (void)argv;
	return 0;
}

<==
[1/2] Compiling [32mbuild/.conf_check_5348778c3c476f6918738a85b2cad0ed/test.cpp[0m

['/usr/bin/clang++', '-Werror', '-stdlib=libc++', '../test.cpp', '-c', '-o', '/Users/zhangminsheng/Documents/psync/build/.conf_check_5348778c3c476f6918738a85b2cad0ed/testbuild/test.cpp.1.o']
[2/2] Linking [33mbuild/.conf_check_5348778c3c476f6918738a85b2cad0ed/testbuild/testprog[0m

['/usr/bin/clang++', 'test.cpp.1.o', '-o', '/Users/zhangminsheng/Documents/psync/build/.conf_check_5348778c3c476f6918738a85b2cad0ed/testbuild/testprog']
==>

int main(int argc, char **argv) {
	(void)argc; (void)argv;
	return 0;
}

<==
[1/2] Compiling [32mbuild/.conf_check_2ba80f62219f2efc5882a16e7d5900b8/test.cpp[0m

['/usr/bin/clang++', '-Werror', '-Wall', '../test.cpp', '-c', '-o', '/Users/zhangminsheng/Documents/psync/build/.conf_check_2ba80f62219f2efc5882a16e7d5900b8/testbuild/test.cpp.1.o']
[2/2] Linking [33mbuild/.conf_check_2ba80f62219f2efc5882a16e7d5900b8/testbuild/testprog[0m

['/usr/bin/clang++', 'test.cpp.1.o', '-o', '/Users/zhangminsheng/Documents/psync/build/.conf_check_2ba80f62219f2efc5882a16e7d5900b8/testbuild/testprog']
==>

int main(int argc, char **argv) {
	(void)argc; (void)argv;
	return 0;
}

<==
[1/2] Compiling [32mbuild/.conf_check_a22cad20303028e88b57afa11495d73b/test.cpp[0m

['/usr/bin/clang++', '-Werror', '-Wno-long-long', '../test.cpp', '-c', '-o', '/Users/zhangminsheng/Documents/psync/build/.conf_check_a22cad20303028e88b57afa11495d73b/testbuild/test.cpp.1.o']
[2/2] Linking [33mbuild/.conf_check_a22cad20303028e88b57afa11495d73b/testbuild/testprog[0m

['/usr/bin/clang++', 'test.cpp.1.o', '-o', '/Users/zhangminsheng/Documents/psync/build/.conf_check_a22cad20303028e88b57afa11495d73b/testbuild/testprog']
==>

int main(int argc, char **argv) {
	(void)argc; (void)argv;
	return 0;
}

<==
[1/2] Compiling [32mbuild/.conf_check_14a7458f4e6ec402a9752e928dfb52e5/test.cpp[0m

['/usr/bin/clang++', '-Werror', '-Wno-nested-anon-types', '../test.cpp', '-c', '-o', '/Users/zhangminsheng/Documents/psync/build/.conf_check_14a7458f4e6ec402a9752e928dfb52e5/testbuild/test.cpp.1.o']
[2/2] Linking [33mbuild/.conf_check_14a7458f4e6ec402a9752e928dfb52e5/testbuild/testprog[0m

['/usr/bin/clang++', 'test.cpp.1.o', '-o', '/Users/zhangminsheng/Documents/psync/build/.conf_check_14a7458f4e6ec402a9752e928dfb52e5/testbuild/testprog']
==>

int main(int argc, char **argv) {
	(void)argc; (void)argv;
	return 0;
}

<==
[1/2] Compiling [32mbuild/.conf_check_352df0106da8adf90af6b5c755204ec8/test.cpp[0m

['/usr/bin/clang++', '-Werror', '-O2', '../test.cpp', '-c', '-o', '/Users/zhangminsheng/Documents/psync/build/.conf_check_352df0106da8adf90af6b5c755204ec8/testbuild/test.cpp.1.o']
[2/2] Linking [33mbuild/.conf_check_352df0106da8adf90af6b5c755204ec8/testbuild/testprog[0m

['/usr/bin/clang++', 'test.cpp.1.o', '-o', '/Users/zhangminsheng/Documents/psync/build/.conf_check_352df0106da8adf90af6b5c755204ec8/testbuild/testprog']
==>

int main(int argc, char **argv) {
	(void)argc; (void)argv;
	return 0;
}

<==
[1/2] Compiling [32mbuild/.conf_check_abead4b7540ecd5ceb2d95c4c0cf7256/test.cpp[0m

['/usr/bin/clang++', '-Werror', '-g', '../test.cpp', '-c', '-o', '/Users/zhangminsheng/Documents/psync/build/.conf_check_abead4b7540ecd5ceb2d95c4c0cf7256/testbuild/test.cpp.1.o']
[2/2] Linking [33mbuild/.conf_check_abead4b7540ecd5ceb2d95c4c0cf7256/testbuild/testprog[0m

['/usr/bin/clang++', 'test.cpp.1.o', '-o', '/Users/zhangminsheng/Documents/psync/build/.conf_check_abead4b7540ecd5ceb2d95c4c0cf7256/testbuild/testprog']
-std=c++0x -std=c++11 -stdlib=libc++ -Wall -Wno-long-long -Wno-nested-anon-types -O2 -g
----------------------------------------
Checking supported LINKFLAGS
==>

int main(int argc, char **argv) {
	(void)argc; (void)argv;
	return 0;
}

<==
[1/2] Compiling [32mbuild/.conf_check_e1fae42f56f87a8f6282546126a6b9d9/test.cpp[0m

['/usr/bin/clang++', '-std=c++0x', '-std=c++11', '-stdlib=libc++', '-Wall', '-Wno-long-long', '-Wno-nested-anon-types', '-O2', '-g', '../test.cpp', '-c', '-o', '/Users/zhangminsheng/Documents/psync/build/.conf_check_e1fae42f56f87a8f6282546126a6b9d9/testbuild/test.cpp.1.o']
[2/2] Linking [33mbuild/.conf_check_e1fae42f56f87a8f6282546126a6b9d9/testbuild/testprog[0m

['/usr/bin/clang++', '-Werror', '-stdlib=libc++', 'test.cpp.1.o', '-o', '/Users/zhangminsheng/Documents/psync/build/.conf_check_e1fae42f56f87a8f6282546126a6b9d9/testbuild/testprog']
-stdlib=libc++
----------------------------------------
Checking for program 'pkg-config'
/opt/local/bin/pkg-config
find program=['pkg-config'] paths=['/opt/local/bin', '/opt/local/sbin', '/opt/local/bin', '/opt/local/sbin', '/usr/local/bin', '/usr/bin', '/bin', '/usr/sbin', '/sbin', '/Library/TeX/texbin'] var='PKGCONFIG' -> ['/opt/local/bin/pkg-config']
----------------------------------------
Checking for 'libndn-cxx'
['/opt/local/bin/pkg-config', '--cflags', '--libs', 'libndn-cxx']
out: -I/usr/local/include -I/opt/local/include -L/usr/local/lib -L/opt/local/lib -lndn-cxx -lboost_system-mt -lboost_filesystem-mt -lboost_date_time-mt -lboost_iostreams-mt -lboost_regex-mt -lboost_program_options-mt -lboost_chrono-mt -lboost_random-mt -lcryptopp -lsqlite3 -lpthread -framework CoreFoundation -framework Security 

yes
